AliyunPlayer/gradle-build/app/outputs/logs/manifest-merger-debug-report.txt
-- Merging decision tree log ---
manifest
ADDED from src/main/AndroidManifest.xml:2:1-58:12
INJECTED from src/main/AndroidManifest.xml:2:1-58:12
INJECTED from src/main/AndroidManifest.xml:2:1-58:12
INJECTED from src/main/AndroidManifest.xml:2:1-58:12
MERGED from [:Aliyunplayer:player_demo] AndroidManifest.xml:2:1-52:12
MERGED from [AliyunVodPlayer-3.4.6.aar] AndroidManifest.xml:2:1-14:12
MERGED from [com.android.support:multidex:1.0.2] AndroidManifest.xml:17:1-22:12
MERGED from [:zxing] AndroidManifest.xml:2:1-27:12
MERGED from [com.android.support:appcompat-v7:26.1.0] AndroidManifest.xml:17:1-31:12
MERGED from [com.android.support:support-v4:26.1.0] AndroidManifest.xml:17:1-31:12
MERGED from [com.android.support:recyclerview-v7:26.1.0] AndroidManifest.xml:17:1-28:12
MERGED from [com.squareup.leakcanary:leakcanary-android:1.5] AndroidManifest.xml:17:1-59:12
MERGED from [:Aliyunplayer:AlivcPlayer] AndroidManifest.xml:2:1-14:12
MERGED from [:Aliyunplayer:AlivcReporter] AndroidManifest.xml:2:1-17:12
MERGED from [com.android.support:animated-vector-drawable:26.1.0] AndroidManifest.xml:17:1-28:12
MERGED from [com.android.support:support-vector-drawable:26.1.0] AndroidManifest.xml:17:1-28:12
MERGED from [com.android.support:support-media-compat:26.1.0] AndroidManifest.xml:17:1-31:12
MERGED from [com.android.support:support-fragment:26.1.0] AndroidManifest.xml:17:1-31:12
MERGED from [com.android.support:support-core-utils:26.1.0] AndroidManifest.xml:17:1-31:12
MERGED from [com.android.support:support-core-ui:26.1.0] AndroidManifest.xml:17:1-31:12
MERGED from [com.android.support:support-compat:26.1.0] AndroidManifest.xml:17:1-31:12
MERGED from [android.arch.lifecycle:runtime:1.0.0] AndroidManifest.xml:17:1-30:12
INJECTED from src/main/AndroidManifest.xml:2:1-58:12
INJECTED from src/main/AndroidManifest.xml:2:1-58:12
INJECTED from src/main/AndroidManifest.xml:2:1-58:12
	package
		ADDED from src/main/AndroidManifest.xml:3:5-39
		INJECTED from src/main/AndroidManifest.xml
		INJECTED from src/main/AndroidManifest.xml
	android:versionName
		INJECTED from src/main/AndroidManifest.xml
		ADDED from src/main/AndroidManifest.xml:2:1-58:12
		INJECTED from src/main/AndroidManifest.xml
	android:versionCode
		INJECTED from src/main/AndroidManifest.xml
		ADDED from src/main/AndroidManifest.xml:2:1-58:12
		INJECTED from src/main/AndroidManifest.xml
	xmlns:android
		ADDED from src/main/AndroidManifest.xml:2:11-69
uses-permission#android.permission.INTERNET
ADDED from src/main/AndroidManifest.xml:5:5-66
MERGED from [:Aliyunplayer:player_demo] AndroidManifest.xml:13:5-67
MERGED from [:Aliyunplayer:player_demo] AndroidManifest.xml:13:5-67
MERGED from [:zxing] AndroidManifest.xml:11:5-67
MERGED from [:zxing] AndroidManifest.xml:11:5-67
MERGED from [:Aliyunplayer:AlivcReporter] AndroidManifest.xml:12:5-67
MERGED from [:Aliyunplayer:AlivcReporter] AndroidManifest.xml:12:5-67
	android:name
		ADDED from src/main/AndroidManifest.xml:5:22-64
uses-permission#android.permission.VIBRATE
ADDED from src/main/AndroidManifest.xml:6:5-65
MERGED from [:zxing] AndroidManifest.xml:12:5-66
MERGED from [:zxing] AndroidManifest.xml:12:5-66
	android:name
		ADDED from src/main/AndroidManifest.xml:6:22-63
uses-permission#android.permission.RECORD_AUDIO
ADDED from src/main/AndroidManifest.xml:7:5-70
	android:name
		ADDED from src/main/AndroidManifest.xml:7:22-68
uses-permission#android.permission.CAMERA
ADDED from src/main/AndroidManifest.xml:8:5-64
MERGED from [:zxing] AndroidManifest.xml:13:5-65
MERGED from [:zxing] AndroidManifest.xml:13:5-65
	android:name
		ADDED from src/main/AndroidManifest.xml:8:22-62
uses-permission#android.permission.ACCESS_NETWORK_STATE
ADDED from src/main/AndroidManifest.xml:9:5-78
MERGED from [:Aliyunplayer:player_demo] AndroidManifest.xml:11:5-79
MERGED from [:Aliyunplayer:player_demo] AndroidManifest.xml:11:5-79
MERGED from [:Aliyunplayer:AlivcReporter] AndroidManifest.xml:11:5-79
MERGED from [:Aliyunplayer:AlivcReporter] AndroidManifest.xml:11:5-79
	android:name
		ADDED from src/main/AndroidManifest.xml:9:22-76
uses-permission#android.permission.WRITE_EXTERNAL_STORAGE
ADDED from src/main/AndroidManifest.xml:11:5-80
MERGED from [:Aliyunplayer:player_demo] AndroidManifest.xml:14:5-81
MERGED from [:Aliyunplayer:player_demo] AndroidManifest.xml:14:5-81
MERGED from [com.squareup.leakcanary:leakcanary-android:1.5] AndroidManifest.xml:26:5-81
MERGED from [com.squareup.leakcanary:leakcanary-android:1.5] AndroidManifest.xml:26:5-81
	android:name
		ADDED from src/main/AndroidManifest.xml:11:22-78
uses-permission#android.permission.MOUNT_UNMOUNT_FILESYSTEMS
ADDED from src/main/AndroidManifest.xml:12:5-83
	android:name
		ADDED from src/main/AndroidManifest.xml:12:22-81
uses-permission#android.permission.ACCESS_FINE_LOCATION
ADDED from src/main/AndroidManifest.xml:13:5-78
	android:name
		ADDED from src/main/AndroidManifest.xml:13:22-76
uses-permission#android.permission.GET_TASKS
ADDED from src/main/AndroidManifest.xml:14:5-67
	android:name
		ADDED from src/main/AndroidManifest.xml:14:22-65
uses-permission#android.permission.ACCESS_WIFI_STATE
ADDED from src/main/AndroidManifest.xml:15:5-75
MERGED from [:Aliyunplayer:player_demo] AndroidManifest.xml:12:5-76
MERGED from [:Aliyunplayer:player_demo] AndroidManifest.xml:12:5-76
MERGED from [AliyunVodPlayer-3.4.6.aar] AndroidManifest.xml:11:5-76
MERGED from [AliyunVodPlayer-3.4.6.aar] AndroidManifest.xml:11:5-76
MERGED from [:Aliyunplayer:AlivcPlayer] AndroidManifest.xml:11:5-76
MERGED from [:Aliyunplayer:AlivcPlayer] AndroidManifest.xml:11:5-76
	android:name
		ADDED from src/main/AndroidManifest.xml:15:22-73
uses-permission#android.permission.CHANGE_WIFI_STATE
ADDED from src/main/AndroidManifest.xml:16:5-75
MERGED from [AliyunVodPlayer-3.4.6.aar] AndroidManifest.xml:12:5-76
MERGED from [AliyunVodPlayer-3.4.6.aar] AndroidManifest.xml:12:5-76
	android:name
		ADDED from src/main/AndroidManifest.xml:16:22-73
uses-permission#android.permission.WAKE_LOCK
ADDED from src/main/AndroidManifest.xml:17:5-67
MERGED from [:Aliyunplayer:player_demo] AndroidManifest.xml:15:5-68
MERGED from [:Aliyunplayer:player_demo] AndroidManifest.xml:15:5-68
	android:name
		ADDED from src/main/AndroidManifest.xml:17:22-65
uses-permission#android.permission.MODIFY_AUDIO_SETTINGS
ADDED from src/main/AndroidManifest.xml:18:5-79
	android:name
		ADDED from src/main/AndroidManifest.xml:18:22-77
uses-permission#android.permission.READ_PHONE_STATE
ADDED from src/main/AndroidManifest.xml:19:5-74
MERGED from [:Aliyunplayer:player_demo] AndroidManifest.xml:16:5-75
MERGED from [:Aliyunplayer:player_demo] AndroidManifest.xml:16:5-75
	android:name
		ADDED from src/main/AndroidManifest.xml:19:22-72
uses-permission#android.permission.RECEIVE_BOOT_COMPLETED
ADDED from src/main/AndroidManifest.xml:20:5-80
	android:name
		ADDED from src/main/AndroidManifest.xml:20:22-78
uses-permission#android.permission.READ_EXTERNAL_STORAGE
ADDED from src/main/AndroidManifest.xml:21:5-79
MERGED from [:Aliyunplayer:player_demo] AndroidManifest.xml:18:5-80
MERGED from [:Aliyunplayer:player_demo] AndroidManifest.xml:18:5-80
MERGED from [com.squareup.leakcanary:leakcanary-android:1.5] AndroidManifest.xml:25:5-80
MERGED from [com.squareup.leakcanary:leakcanary-android:1.5] AndroidManifest.xml:25:5-80
	android:name
		ADDED from src/main/AndroidManifest.xml:21:22-77
uses-permission#android.permission.BLUETOOTH
ADDED from src/main/AndroidManifest.xml:22:5-68
	android:name
		ADDED from src/main/AndroidManifest.xml:22:22-65
uses-permission#android.permission.SYSTEM_ALERT_WINDOW
ADDED from src/main/AndroidManifest.xml:23:5-78
	android:name
		ADDED from src/main/AndroidManifest.xml:23:22-75
application
ADDED from src/main/AndroidManifest.xml:25:5-56:19
MERGED from [:Aliyunplayer:player_demo] AndroidManifest.xml:20:5-50:19
MERGED from [:Aliyunplayer:player_demo] AndroidManifest.xml:20:5-50:19
MERGED from [:zxing] AndroidManifest.xml:17:5-25:19
MERGED from [:zxing] AndroidManifest.xml:17:5-25:19
MERGED from [com.android.support:appcompat-v7:26.1.0] AndroidManifest.xml:25:5-29:19
MERGED from [com.android.support:appcompat-v7:26.1.0] AndroidManifest.xml:25:5-29:19
MERGED from [com.android.support:support-v4:26.1.0] AndroidManifest.xml:25:5-29:19
MERGED from [com.android.support:support-v4:26.1.0] AndroidManifest.xml:25:5-29:19
MERGED from [com.android.support:recyclerview-v7:26.1.0] AndroidManifest.xml:22:5-26:19
MERGED from [com.android.support:recyclerview-v7:26.1.0] AndroidManifest.xml:22:5-26:19
MERGED from [com.squareup.leakcanary:leakcanary-android:1.5] AndroidManifest.xml:28:5-57:19
MERGED from [com.squareup.leakcanary:leakcanary-android:1.5] AndroidManifest.xml:28:5-57:19
MERGED from [:Aliyunplayer:AlivcReporter] AndroidManifest.xml:14:5-15:19
MERGED from [:Aliyunplayer:AlivcReporter] AndroidManifest.xml:14:5-15:19
MERGED from [com.android.support:animated-vector-drawable:26.1.0] AndroidManifest.xml:22:5-26:19
MERGED from [com.android.support:animated-vector-drawable:26.1.0] AndroidManifest.xml:22:5-26:19
MERGED from [com.android.support:support-vector-drawable:26.1.0] AndroidManifest.xml:22:5-26:19
MERGED from [com.android.support:support-vector-drawable:26.1.0] AndroidManifest.xml:22:5-26:19
MERGED from [com.android.support:support-media-compat:26.1.0] AndroidManifest.xml:25:5-29:19
MERGED from [com.android.support:support-media-compat:26.1.0] AndroidManifest.xml:25:5-29:19
MERGED from [com.android.support:support-fragment:26.1.0] AndroidManifest.xml:25:5-29:19
MERGED from [com.android.support:support-fragment:26.1.0] AndroidManifest.xml:25:5-29:19
MERGED from [com.android.support:support-core-utils:26.1.0] AndroidManifest.xml:25:5-29:19
MERGED from [com.android.support:support-core-utils:26.1.0] AndroidManifest.xml:25:5-29:19
MERGED from [com.android.support:support-core-ui:26.1.0] AndroidManifest.xml:25:5-29:19
MERGED from [com.android.support:support-core-ui:26.1.0] AndroidManifest.xml:25:5-29:19
MERGED from [com.android.support:support-compat:26.1.0] AndroidManifest.xml:25:5-29:19
MERGED from [com.android.support:support-compat:26.1.0] AndroidManifest.xml:25:5-29:19
MERGED from [android.arch.lifecycle:runtime:1.0.0] AndroidManifest.xml:24:5-28:19
MERGED from [android.arch.lifecycle:runtime:1.0.0] AndroidManifest.xml:24:5-28:19
	android:supportsRtl
		ADDED from src/main/AndroidManifest.xml:30:9-35
	android:label
		ADDED from src/main/AndroidManifest.xml:29:9-41
	android:icon
		ADDED from src/main/AndroidManifest.xml:28:9-43
	android:allowBackup
		ADDED from src/main/AndroidManifest.xml:27:9-35
	android:theme
		ADDED from src/main/AndroidManifest.xml:31:9-40
	android:name
		ADDED from src/main/AndroidManifest.xml:26:9-64
activity#com.aliyun.alivcsolution.SplashActivity
ADDED from src/main/AndroidManifest.xml:33:9-42:20
	android:screenOrientation
		ADDED from src/main/AndroidManifest.xml:34:13-49
	android:windowSoftInputMode
		ADDED from src/main/AndroidManifest.xml:36:13-64
	android:configChanges
		ADDED from src/main/AndroidManifest.xml:35:13-48
	android:name
		ADDED from src/main/AndroidManifest.xml:33:19-49
intent-filter#android.intent.action.MAIN+android.intent.category.LAUNCHER
ADDED from src/main/AndroidManifest.xml:37:13-41:29
action#android.intent.action.MAIN
ADDED from src/main/AndroidManifest.xml:38:17-69
	android:name
		ADDED from src/main/AndroidManifest.xml:38:25-66
category#android.intent.category.LAUNCHER
ADDED from src/main/AndroidManifest.xml:40:17-77
	android:name
		ADDED from src/main/AndroidManifest.xml:40:27-74
activity#com.aliyun.alivcsolution.MainActivity
ADDED from src/main/AndroidManifest.xml:44:9-51:20
	android:screenOrientation
		ADDED from src/main/AndroidManifest.xml:46:13-49
	android:launchMode
		ADDED from src/main/AndroidManifest.xml:46:50-80
	android:theme
		ADDED from src/main/AndroidManifest.xml:45:13-63
	android:name
		ADDED from src/main/AndroidManifest.xml:44:19-71
intent-filter#android.intent.category.DEFAULT+com.aliyun.alivcsolution.main
ADDED from src/main/AndroidManifest.xml:47:13-50:29
action#com.aliyun.alivcsolution.main
ADDED from src/main/AndroidManifest.xml:48:17-71
	android:name
		ADDED from src/main/AndroidManifest.xml:48:25-69
category#android.intent.category.DEFAULT
ADDED from src/main/AndroidManifest.xml:49:17-75
	android:name
		ADDED from src/main/AndroidManifest.xml:49:27-73
activity#com.aliyun.alivcsolution.DemoActivity
ADDED from src/main/AndroidManifest.xml:53:9-55:20
	android:screenOrientation
		ADDED from src/main/AndroidManifest.xml:54:13-49
	android:launchMode
		ADDED from src/main/AndroidManifest.xml:54:50-80
	android:name
		ADDED from src/main/AndroidManifest.xml:53:19-71
uses-sdk
INJECTED from src/main/AndroidManifest.xml reason: use-sdk injection requested
INJECTED from src/main/AndroidManifest.xml
INJECTED from src/main/AndroidManifest.xml
MERGED from [:Aliyunplayer:player_demo] AndroidManifest.xml:7:5-9:41
MERGED from [:Aliyunplayer:player_demo] AndroidManifest.xml:7:5-9:41
MERGED from [AliyunVodPlayer-3.4.6.aar] AndroidManifest.xml:7:5-9:41
MERGED from [AliyunVodPlayer-3.4.6.aar] AndroidManifest.xml:7:5-9:41
MERGED from [com.android.support:multidex:1.0.2] AndroidManifest.xml:20:5-43
MERGED from [com.android.support:multidex:1.0.2] AndroidManifest.xml:20:5-43
MERGED from [:zxing] AndroidManifest.xml:7:5-9:41
MERGED from [:zxing] AndroidManifest.xml:7:5-9:41
MERGED from [com.android.support:appcompat-v7:26.1.0] AndroidManifest.xml:21:5-23:78
MERGED from [com.android.support:appcompat-v7:26.1.0] AndroidManifest.xml:21:5-23:78
MERGED from [com.android.support:support-v4:26.1.0] AndroidManifest.xml:21:5-23:54
MERGED from [com.android.support:support-v4:26.1.0] AndroidManifest.xml:21:5-23:54
MERGED from [com.android.support:recyclerview-v7:26.1.0] AndroidManifest.xml:20:5-44
MERGED from [com.android.support:recyclerview-v7:26.1.0] AndroidManifest.xml:20:5-44
MERGED from [com.squareup.leakcanary:leakcanary-android:1.5] AndroidManifest.xml:20:5-22:41
MERGED from [com.squareup.leakcanary:leakcanary-android:1.5] AndroidManifest.xml:20:5-22:41
MERGED from [:Aliyunplayer:AlivcPlayer] AndroidManifest.xml:7:5-9:41
MERGED from [:Aliyunplayer:AlivcPlayer] AndroidManifest.xml:7:5-9:41
MERGED from [:Aliyunplayer:AlivcReporter] AndroidManifest.xml:7:5-9:41
MERGED from [:Aliyunplayer:AlivcReporter] AndroidManifest.xml:7:5-9:41
MERGED from [com.android.support:animated-vector-drawable:26.1.0] AndroidManifest.xml:20:5-44
MERGED from [com.android.support:animated-vector-drawable:26.1.0] AndroidManifest.xml:20:5-44
MERGED from [com.android.support:support-vector-drawable:26.1.0] AndroidManifest.xml:20:5-44
MERGED from [com.android.support:support-vector-drawable:26.1.0] AndroidManifest.xml:20:5-44
MERGED from [com.android.support:support-media-compat:26.1.0] AndroidManifest.xml:21:5-23:63
MERGED from [com.android.support:support-media-compat:26.1.0] AndroidManifest.xml:21:5-23:63
MERGED from [com.android.support:support-fragment:26.1.0] AndroidManifest.xml:21:5-23:60
MERGED from [com.android.support:support-fragment:26.1.0] AndroidManifest.xml:21:5-23:60
MERGED from [com.android.support:support-core-utils:26.1.0] AndroidManifest.xml:21:5-23:61
MERGED from [com.android.support:support-core-utils:26.1.0] AndroidManifest.xml:21:5-23:61
MERGED from [com.android.support:support-core-ui:26.1.0] AndroidManifest.xml:21:5-23:58
MERGED from [com.android.support:support-core-ui:26.1.0] AndroidManifest.xml:21:5-23:58
MERGED from [com.android.support:support-compat:26.1.0] AndroidManifest.xml:21:5-23:58
MERGED from [com.android.support:support-compat:26.1.0] AndroidManifest.xml:21:5-23:58
MERGED from [android.arch.lifecycle:runtime:1.0.0] AndroidManifest.xml:20:5-22:41
MERGED from [android.arch.lifecycle:runtime:1.0.0] AndroidManifest.xml:20:5-22:41
INJECTED from src/main/AndroidManifest.xml
INJECTED from src/main/AndroidManifest.xml
	tools:overrideLibrary
		ADDED from [com.android.support:appcompat-v7:26.1.0] AndroidManifest.xml:23:9-75
	android:targetSdkVersion
		INJECTED from src/main/AndroidManifest.xml
		ADDED from src/main/AndroidManifest.xml
		INJECTED from src/main/AndroidManifest.xml
	android:minSdkVersion
		INJECTED from src/main/AndroidManifest.xml
		ADDED from src/main/AndroidManifest.xml
		INJECTED from src/main/AndroidManifest.xml
uses-permission#android.permission.WRITE_SETTINGS
ADDED from [:Aliyunplayer:player_demo] AndroidManifest.xml:17:5-73
MERGED from [:Aliyunplayer:AlivcPlayer] AndroidManifest.xml:12:5-73
MERGED from [:Aliyunplayer:AlivcPlayer] AndroidManifest.xml:12:5-73
	android:name
		ADDED from [:Aliyunplayer:player_demo] AndroidManifest.xml:17:22-70
activity#com.aliyun.vodplayerview.activity.AliyunPlayerSettingActivity
ADDED from [:Aliyunplayer:player_demo] AndroidManifest.xml:23:9-27:20
	android:screenOrientation
		ADDED from [:Aliyunplayer:player_demo] AndroidManifest.xml:26:13-49
	android:configChanges
		ADDED from [:Aliyunplayer:player_demo] AndroidManifest.xml:25:13-74
	android:name
		ADDED from [:Aliyunplayer:player_demo] AndroidManifest.xml:24:13-89
activity#com.aliyun.vodplayerview.activity.AliyunPlayerSkinActivity
ADDED from [:Aliyunplayer:player_demo] AndroidManifest.xml:28:9-38:20
	android:screenOrientation
		ADDED from [:Aliyunplayer:player_demo] AndroidManifest.xml:31:13-49
	android:configChanges
		ADDED from [:Aliyunplayer:player_demo] AndroidManifest.xml:30:13-74
	android:theme
		ADDED from [:Aliyunplayer:player_demo] AndroidManifest.xml:32:13-63
	android:name
		ADDED from [:Aliyunplayer:player_demo] AndroidManifest.xml:29:13-86
intent-filter#android.intent.category.DEFAULT+com.aliyun.vodplayerview.activity.player
ADDED from [:Aliyunplayer:player_demo] AndroidManifest.xml:33:13-37:29
action#com.aliyun.vodplayerview.activity.player
ADDED from [:Aliyunplayer:player_demo] AndroidManifest.xml:34:17-83
	android:name
		ADDED from [:Aliyunplayer:player_demo] AndroidManifest.xml:34:25-80
activity#com.aliyun.vodplayerview.activity.AliyunPlayerSkinActivity2
ADDED from [:Aliyunplayer:player_demo] AndroidManifest.xml:39:9-49:20
	android:screenOrientation
		ADDED from [:Aliyunplayer:player_demo] AndroidManifest.xml:42:13-49
	android:configChanges
		ADDED from [:Aliyunplayer:player_demo] AndroidManifest.xml:41:13-74
	android:theme
		ADDED from [:Aliyunplayer:player_demo] AndroidManifest.xml:43:13-63
	android:name
		ADDED from [:Aliyunplayer:player_demo] AndroidManifest.xml:40:13-87
intent-filter#android.intent.category.DEFAULT+com.aliyun.vodplayerview.activity.player2
ADDED from [:Aliyunplayer:player_demo] AndroidManifest.xml:44:13-48:29
action#com.aliyun.vodplayerview.activity.player2
ADDED from [:Aliyunplayer:player_demo] AndroidManifest.xml:45:17-84
	android:name
		ADDED from [:Aliyunplayer:player_demo] AndroidManifest.xml:45:25-81
uses-feature#android.hardware.camera.autofocus
ADDED from [:zxing] AndroidManifest.xml:14:5-70
	android:name
		ADDED from [:zxing] AndroidManifest.xml:14:19-67
activity#com.google.zxing.activity.CaptureActivity
ADDED from [:zxing] AndroidManifest.xml:22:9-24:66
	android:theme
		ADDED from [:zxing] AndroidManifest.xml:24:13-63
	android:name
		ADDED from [:zxing] AndroidManifest.xml:23:13-69
meta-data#android.support.VERSION
ADDED from [com.android.support:appcompat-v7:26.1.0] AndroidManifest.xml:26:9-28:38
MERGED from [com.android.support:support-v4:26.1.0] AndroidManifest.xml:26:9-28:38
MERGED from [com.android.support:support-v4:26.1.0] AndroidManifest.xml:26:9-28:38
MERGED from [com.android.support:recyclerview-v7:26.1.0] AndroidManifest.xml:23:9-25:38
MERGED from [com.android.support:recyclerview-v7:26.1.0] AndroidManifest.xml:23:9-25:38
MERGED from [com.android.support:animated-vector-drawable:26.1.0] AndroidManifest.xml:23:9-25:38
MERGED from [com.android.support:animated-vector-drawable:26.1.0] AndroidManifest.xml:23:9-25:38
MERGED from [com.android.support:support-vector-drawable:26.1.0] AndroidManifest.xml:23:9-25:38
MERGED from [com.android.support:support-vector-drawable:26.1.0] AndroidManifest.xml:23:9-25:38
MERGED from [com.android.support:support-media-compat:26.1.0] AndroidManifest.xml:26:9-28:38
MERGED from [com.android.support:support-media-compat:26.1.0] AndroidManifest.xml:26:9-28:38
MERGED from [com.android.support:support-fragment:26.1.0] AndroidManifest.xml:26:9-28:38
MERGED from [com.android.support:support-fragment:26.1.0] AndroidManifest.xml:26:9-28:38
MERGED from [com.android.support:support-core-utils:26.1.0] AndroidManifest.xml:26:9-28:38
MERGED from [com.android.support:support-core-utils:26.1.0] AndroidManifest.xml:26:9-28:38
MERGED from [com.android.support:support-core-ui:26.1.0] AndroidManifest.xml:26:9-28:38
MERGED from [com.android.support:support-core-ui:26.1.0] AndroidManifest.xml:26:9-28:38
MERGED from [com.android.support:support-compat:26.1.0] AndroidManifest.xml:26:9-28:38
MERGED from [com.android.support:support-compat:26.1.0] AndroidManifest.xml:26:9-28:38
	android:value
		ADDED from [com.android.support:appcompat-v7:26.1.0] AndroidManifest.xml:28:13-35
	android:name
		ADDED from [com.android.support:appcompat-v7:26.1.0] AndroidManifest.xml:27:13-51
service#com.squareup.leakcanary.internal.HeapAnalyzerService
ADDED from [com.squareup.leakcanary:leakcanary-android:1.5] AndroidManifest.xml:29:9-32:45
	android:process
		ADDED from [com.squareup.leakcanary:leakcanary-android:1.5] AndroidManifest.xml:32:13-42
	android:enabled
		ADDED from [com.squareup.leakcanary:leakcanary-android:1.5] AndroidManifest.xml:31:13-36
	android:name
		ADDED from [com.squareup.leakcanary:leakcanary-android:1.5] AndroidManifest.xml:30:13-80
service#com.squareup.leakcanary.DisplayLeakService
ADDED from [com.squareup.leakcanary:leakcanary-android:1.5] AndroidManifest.xml:33:9-35:39
	android:enabled
		ADDED from [com.squareup.leakcanary:leakcanary-android:1.5] AndroidManifest.xml:35:13-36
	android:name
		ADDED from [com.squareup.leakcanary:leakcanary-android:1.5] AndroidManifest.xml:34:13-70
activity#com.squareup.leakcanary.internal.DisplayLeakActivity
ADDED from [com.squareup.leakcanary:leakcanary-android:1.5] AndroidManifest.xml:37:9-49:20
	android:enabled
		ADDED from [com.squareup.leakcanary:leakcanary-android:1.5] AndroidManifest.xml:39:13-36
	android:label
		ADDED from [com.squareup.leakcanary:leakcanary-android:1.5] AndroidManifest.xml:41:13-71
	android:icon
		ADDED from [com.squareup.leakcanary:leakcanary-android:1.5] AndroidManifest.xml:40:13-54
	android:theme
		ADDED from [com.squareup.leakcanary:leakcanary-android:1.5] AndroidManifest.xml:43:13-63
	android:taskAffinity
		ADDED from [com.squareup.leakcanary:leakcanary-android:1.5] AndroidManifest.xml:42:13-59
	android:name
		ADDED from [com.squareup.leakcanary:leakcanary-android:1.5] AndroidManifest.xml:38:13-80
activity#com.squareup.leakcanary.internal.RequestStoragePermissionActivity
ADDED from [com.squareup.leakcanary:leakcanary-android:1.5] AndroidManifest.xml:50:9-56:68
	android:enabled
		ADDED from [com.squareup.leakcanary:leakcanary-android:1.5] AndroidManifest.xml:52:13-36
	android:label
		ADDED from [com.squareup.leakcanary:leakcanary-android:1.5] AndroidManifest.xml:54:13-82
	android:icon
		ADDED from [com.squareup.leakcanary:leakcanary-android:1.5] AndroidManifest.xml:53:13-54
	android:theme
		ADDED from [com.squareup.leakcanary:leakcanary-android:1.5] AndroidManifest.xml:56:13-65
	android:taskAffinity
		ADDED from [com.squareup.leakcanary:leakcanary-android:1.5] AndroidManifest.xml:55:13-59
	android:name
		ADDED from [com.squareup.leakcanary:leakcanary-android:1.5] AndroidManifest.xml:51:13-93
meta-data#android.arch.lifecycle.VERSION
ADDED from [android.arch.lifecycle:runtime:1.0.0] AndroidManifest.xml:25:9-27:47
	android:value
		ADDED from [android.arch.lifecycle:runtime:1.0.0] AndroidManifest.xml:27:13-44
	android:name
		ADDED from [android.arch.lifecycle:runtime:1.0.0] AndroidManifest.xml:26:13-58